<?xml version="1.0" encoding="UTF-8"?>
<TestRun id="6028203d-181c-461a-b468-7fc04b255b5a" name="talbaer@EXSL78007 2010-11-08 17:09:43" runUser="ICONOS\talbaer" xmlns="http://microsoft.com/schemas/VisualStudio/TeamTest/2010">
  <TestSettings name="Local" id="efabca74-4cef-4eff-90d1-fc170b2b93fe">
    <Description>These are default test settings for a local test run.</Description>
    <Deployment userDeploymentRoot="C:\Users\talbaer\Documents\Visual Studio 2010\Projects\Queue\TestResults" useDefaultDeploymentRoot="false" enabled="false" runDeploymentRoot="talbaer_EXSL78007 2010-11-08 17_09_43" />
    <Execution>
      <TestTypeSpecific />
      <AgentRule name="Execution Agents">
      </AgentRule>
    </Execution>
  </TestSettings>
  <Times creation="2010-11-08T17:09:43.2628903+01:00" queuing="2010-11-08T17:09:44.1539412+01:00" start="2010-11-08T17:09:44.2309456+01:00" finish="2010-11-08T17:09:59.0727945+01:00" />
  <ResultSummary outcome="Error">
    <Counters total="4" executed="1" error="0" failed="0" timeout="0" aborted="1" inconclusive="0" passedButRunAborted="0" notRunnable="0" notExecuted="3" disconnected="0" warning="0" passed="0" completed="0" inProgress="0" pending="0" />
    <RunInfos>
      <RunInfo computerName="EXSL78007" outcome="Error" timestamp="2010-11-08T17:09:59.0697944+01:00">
        <Text>Test host process exited unexpectedly.</Text>
      </RunInfo>
    </RunInfos>
  </ResultSummary>
  <TestDefinitions>
    <UnitTest name="AQueueWithTwoItems_AfterSecondDequeue_ShouldBeEmpty" storage="c:\users\talbaer\documents\visual studio 2010\projects\queue\queue\bin\debug\queuebehavior.dll" id="da73b1bf-08c7-e690-3dc6-ed819864f63d">
      <Execution id="c886e360-d43a-4786-bb08-c475b112f2b4" />
      <TestMethod codeBase="C:/Users/talbaer/Documents/Visual Studio 2010/Projects/Queue/Queue/bin/Debug/QueueBehavior.DLL" adapterTypeName="Microsoft.VisualStudio.TestTools.TestTypes.Unit.UnitTestAdapter, Microsoft.VisualStudio.QualityTools.Tips.UnitTest.Adapter, Version=10.0.0.0, Culture=neutral, PublicKeyToken=b03f5f7f11d50a3a" className="QueueBehavior.QueueTests, QueueBehavior, Version=1.0.0.0, Culture=neutral, PublicKeyToken=null" name="AQueueWithTwoItems_AfterSecondDequeue_ShouldBeEmpty" />
    </UnitTest>
    <UnitTest name="AQueueWithTwoItems_SecondDequeueShouldReturnSecondItemEnqueued" storage="c:\users\talbaer\documents\visual studio 2010\projects\queue\queue\bin\debug\queuebehavior.dll" id="e454d995-e742-f709-6dc7-80d89e1f7424">
      <Execution id="cdd6652d-64a8-4f37-80a3-79d40a868acf" />
      <TestMethod codeBase="C:/Users/talbaer/Documents/Visual Studio 2010/Projects/Queue/Queue/bin/Debug/QueueBehavior.DLL" adapterTypeName="Microsoft.VisualStudio.TestTools.TestTypes.Unit.UnitTestAdapter, Microsoft.VisualStudio.QualityTools.Tips.UnitTest.Adapter, Version=10.0.0.0, Culture=neutral, PublicKeyToken=b03f5f7f11d50a3a" className="QueueBehavior.QueueTests, QueueBehavior, Version=1.0.0.0, Culture=neutral, PublicKeyToken=null" name="AQueueWithTwoItems_SecondDequeueShouldReturnSecondItemEnqueued" />
    </UnitTest>
    <UnitTest name="AQueueWithThreeItem_SecondDequeueShouldReturnSecondItemEnqueued" storage="c:\users\talbaer\documents\visual studio 2010\projects\queue\queue\bin\debug\queuebehavior.dll" id="4eaf4d53-ea1c-bcae-4a59-a4ae2f9baeb2">
      <Execution id="a65d946a-d026-4562-9103-c41690710639" />
      <TestMethod codeBase="C:/Users/talbaer/Documents/Visual Studio 2010/Projects/Queue/Queue/bin/Debug/QueueBehavior.DLL" adapterTypeName="Microsoft.VisualStudio.TestTools.TestTypes.Unit.UnitTestAdapter, Microsoft.VisualStudio.QualityTools.Tips.UnitTest.Adapter, Version=10.0.0.0, Culture=neutral, PublicKeyToken=b03f5f7f11d50a3a" className="QueueBehavior.QueueTests, QueueBehavior, Version=1.0.0.0, Culture=neutral, PublicKeyToken=null" name="AQueueWithThreeItem_SecondDequeueShouldReturnSecondItemEnqueued" />
    </UnitTest>
    <UnitTest name="AQueueWithTwoItems_AfterFirstDequeue_ShouldNotBeEmpty" storage="c:\users\talbaer\documents\visual studio 2010\projects\queue\queue\bin\debug\queuebehavior.dll" id="7a2cc7d0-9e4a-2aec-8855-f17571804236">
      <Execution id="f9d5d60f-1528-42f3-b0be-f9652d08276b" />
      <TestMethod codeBase="C:/Users/talbaer/Documents/Visual Studio 2010/Projects/Queue/Queue/bin/Debug/QueueBehavior.DLL" adapterTypeName="Microsoft.VisualStudio.TestTools.TestTypes.Unit.UnitTestAdapter, Microsoft.VisualStudio.QualityTools.Tips.UnitTest.Adapter, Version=10.0.0.0, Culture=neutral, PublicKeyToken=b03f5f7f11d50a3a" className="QueueBehavior.QueueTests, QueueBehavior, Version=1.0.0.0, Culture=neutral, PublicKeyToken=null" name="AQueueWithTwoItems_AfterFirstDequeue_ShouldNotBeEmpty" />
    </UnitTest>
  </TestDefinitions>
  <TestLists>
    <TestList name="Results Not in a List" id="8c84fa94-04c1-424b-9868-57a2d4851a1d" />
    <TestList name="All Loaded Results" id="19431567-8539-422a-85d7-44ee4e166bda" />
  </TestLists>
  <TestEntries>
    <TestEntry testId="7a2cc7d0-9e4a-2aec-8855-f17571804236" executionId="f9d5d60f-1528-42f3-b0be-f9652d08276b" testListId="8c84fa94-04c1-424b-9868-57a2d4851a1d" />
    <TestEntry testId="4eaf4d53-ea1c-bcae-4a59-a4ae2f9baeb2" executionId="a65d946a-d026-4562-9103-c41690710639" testListId="8c84fa94-04c1-424b-9868-57a2d4851a1d" />
    <TestEntry testId="da73b1bf-08c7-e690-3dc6-ed819864f63d" executionId="c886e360-d43a-4786-bb08-c475b112f2b4" testListId="8c84fa94-04c1-424b-9868-57a2d4851a1d" />
    <TestEntry testId="e454d995-e742-f709-6dc7-80d89e1f7424" executionId="cdd6652d-64a8-4f37-80a3-79d40a868acf" testListId="8c84fa94-04c1-424b-9868-57a2d4851a1d" />
  </TestEntries>
  <Results>
    <UnitTestResult executionId="f9d5d60f-1528-42f3-b0be-f9652d08276b" testId="7a2cc7d0-9e4a-2aec-8855-f17571804236" testName="AQueueWithTwoItems_AfterFirstDequeue_ShouldNotBeEmpty" computerName="EXSL78007" duration="00:00:14.7938461" startTime="2010-11-08T17:09:44.2769483+01:00" endTime="2010-11-08T17:09:59.0707944+01:00" testType="13cdc9d9-ddb5-4fa4-a97d-d965ccfc6d4b" outcome="Aborted" testListId="8c84fa94-04c1-424b-9868-57a2d4851a1d" relativeResultsDirectory="f9d5d60f-1528-42f3-b0be-f9652d08276b">
    </UnitTestResult>
    <UnitTestResult executionId="a65d946a-d026-4562-9103-c41690710639" testId="4eaf4d53-ea1c-bcae-4a59-a4ae2f9baeb2" testName="AQueueWithThreeItem_SecondDequeueShouldReturnSecondItemEnqueued" computerName="EXSL78007" testType="13cdc9d9-ddb5-4fa4-a97d-d965ccfc6d4b" outcome="NotExecuted" testListId="8c84fa94-04c1-424b-9868-57a2d4851a1d" relativeResultsDirectory="a65d946a-d026-4562-9103-c41690710639">
    </UnitTestResult>
    <UnitTestResult executionId="c886e360-d43a-4786-bb08-c475b112f2b4" testId="da73b1bf-08c7-e690-3dc6-ed819864f63d" testName="AQueueWithTwoItems_AfterSecondDequeue_ShouldBeEmpty" computerName="EXSL78007" testType="13cdc9d9-ddb5-4fa4-a97d-d965ccfc6d4b" outcome="NotExecuted" testListId="8c84fa94-04c1-424b-9868-57a2d4851a1d" relativeResultsDirectory="c886e360-d43a-4786-bb08-c475b112f2b4">
    </UnitTestResult>
    <UnitTestResult executionId="cdd6652d-64a8-4f37-80a3-79d40a868acf" testId="e454d995-e742-f709-6dc7-80d89e1f7424" testName="AQueueWithTwoItems_SecondDequeueShouldReturnSecondItemEnqueued" computerName="EXSL78007" testType="13cdc9d9-ddb5-4fa4-a97d-d965ccfc6d4b" outcome="NotExecuted" testListId="8c84fa94-04c1-424b-9868-57a2d4851a1d" relativeResultsDirectory="cdd6652d-64a8-4f37-80a3-79d40a868acf">
    </UnitTestResult>
  </Results>
</TestRun>