<?xml version="1.0" encoding="UTF-8"?>
<TestRun id="b39a8269-f555-4e74-b631-db505ff7d3c5" name="talbaer@EXSL78007 2010-11-08 17:12:06" runUser="ICONOS\talbaer" xmlns="http://microsoft.com/schemas/VisualStudio/TeamTest/2010">
  <TestSettings name="Local" id="efabca74-4cef-4eff-90d1-fc170b2b93fe">
    <Description>These are default test settings for a local test run.</Description>
    <Deployment userDeploymentRoot="C:\Users\talbaer\Documents\Visual Studio 2010\Projects\Queue\TestResults" useDefaultDeploymentRoot="false" enabled="false" runDeploymentRoot="talbaer_EXSL78007 2010-11-08 17_12_06" />
    <Execution>
      <TestTypeSpecific />
      <AgentRule name="Execution Agents">
      </AgentRule>
    </Execution>
  </TestSettings>
  <Times creation="2010-11-08T17:12:06.3970771+01:00" queuing="2010-11-08T17:12:07.5481429+01:00" start="2010-11-08T17:12:07.7421540+01:00" finish="2010-11-08T17:12:31.4345091+01:00" />
  <ResultSummary outcome="Error">
    <Counters total="1" executed="1" error="0" failed="0" timeout="0" aborted="1" inconclusive="0" passedButRunAborted="0" notRunnable="0" notExecuted="0" disconnected="0" warning="0" passed="0" completed="0" inProgress="0" pending="0" />
    <RunInfos>
      <RunInfo computerName="EXSL78007" outcome="Error" timestamp="2010-11-08T17:12:31.4325090+01:00">
        <Text>Test host process exited unexpectedly.</Text>
      </RunInfo>
    </RunInfos>
  </ResultSummary>
  <TestDefinitions>
    <UnitTest name="AQueueWithTwoItems_AfterFirstDequeue_ShouldNotBeEmpty" storage="c:\users\talbaer\documents\visual studio 2010\projects\queue\queue\bin\debug\queuebehavior.dll" id="7a2cc7d0-9e4a-2aec-8855-f17571804236">
      <Execution id="d6c18ce1-12c3-44a5-ac8f-64fba92781a4" />
      <TestMethod codeBase="C:/Users/talbaer/Documents/Visual Studio 2010/Projects/Queue/Queue/bin/Debug/QueueBehavior.DLL" adapterTypeName="Microsoft.VisualStudio.TestTools.TestTypes.Unit.UnitTestAdapter, Microsoft.VisualStudio.QualityTools.Tips.UnitTest.Adapter, Version=10.0.0.0, Culture=neutral, PublicKeyToken=b03f5f7f11d50a3a" className="QueueBehavior.QueueTests, QueueBehavior, Version=1.0.0.0, Culture=neutral, PublicKeyToken=null" name="AQueueWithTwoItems_AfterFirstDequeue_ShouldNotBeEmpty" />
    </UnitTest>
  </TestDefinitions>
  <TestLists>
    <TestList name="Results Not in a List" id="8c84fa94-04c1-424b-9868-57a2d4851a1d" />
    <TestList name="All Loaded Results" id="19431567-8539-422a-85d7-44ee4e166bda" />
  </TestLists>
  <TestEntries>
    <TestEntry testId="7a2cc7d0-9e4a-2aec-8855-f17571804236" executionId="d6c18ce1-12c3-44a5-ac8f-64fba92781a4" testListId="8c84fa94-04c1-424b-9868-57a2d4851a1d" />
  </TestEntries>
  <Results>
    <UnitTestResult executionId="d6c18ce1-12c3-44a5-ac8f-64fba92781a4" testId="7a2cc7d0-9e4a-2aec-8855-f17571804236" testName="AQueueWithTwoItems_AfterFirstDequeue_ShouldNotBeEmpty" computerName="EXSL78007" duration="00:00:23.5433466" startTime="2010-11-08T17:12:07.8901625+01:00" endTime="2010-11-08T17:12:31.4335091+01:00" testType="13cdc9d9-ddb5-4fa4-a97d-d965ccfc6d4b" outcome="Aborted" testListId="8c84fa94-04c1-424b-9868-57a2d4851a1d" relativeResultsDirectory="d6c18ce1-12c3-44a5-ac8f-64fba92781a4">
    </UnitTestResult>
  </Results>
</TestRun>