<?xml version="1.0" encoding="UTF-8"?>
<TestRun id="b1bbfb58-3d84-4d23-9fb5-3f4a5bd355ee" name="talbaer@EXSL78007 2010-11-08 17:09:12" runUser="ICONOS\talbaer" xmlns="http://microsoft.com/schemas/VisualStudio/TeamTest/2010">
  <TestSettings name="Local" id="efabca74-4cef-4eff-90d1-fc170b2b93fe">
    <Description>These are default test settings for a local test run.</Description>
    <Deployment enabled="false" runDeploymentRoot="talbaer_EXSL78007 2010-11-08 17_09_12" />
    <Execution>
      <TestTypeSpecific />
      <AgentRule name="Execution Agents">
      </AgentRule>
    </Execution>
  </TestSettings>
  <Times creation="2010-11-08T17:09:12.0921074+01:00" queuing="2010-11-08T17:09:12.1251093+01:00" start="2010-11-08T17:09:12.1351098+01:00" finish="2010-11-08T17:09:12.6481392+01:00" />
  <ResultSummary outcome="Failed">
    <Counters total="13" executed="13" passed="9" error="0" failed="4" timeout="0" aborted="0" inconclusive="0" passedButRunAborted="0" notRunnable="0" notExecuted="0" disconnected="0" warning="0" completed="0" inProgress="0" pending="0" />
  </ResultSummary>
  <TestDefinitions>
    <UnitTest name="NewQueueShouldBeEmpty" storage="c:\users\talbaer\documents\visual studio 2010\projects\queue\queue\bin\debug\queuebehavior.dll" id="5390761e-f4e7-72d0-1f79-0ff7571f7466">
      <Execution id="c6f9da5b-2704-4439-891e-faad1a20a536" />
      <TestMethod codeBase="C:/Users/talbaer/Documents/Visual Studio 2010/Projects/Queue/Queue/bin/Debug/QueueBehavior.DLL" adapterTypeName="Microsoft.VisualStudio.TestTools.TestTypes.Unit.UnitTestAdapter, Microsoft.VisualStudio.QualityTools.Tips.UnitTest.Adapter, Version=10.0.0.0, Culture=neutral, PublicKeyToken=b03f5f7f11d50a3a" className="QueueBehavior.QueueTests, QueueBehavior, Version=1.0.0.0, Culture=neutral, PublicKeyToken=null" name="NewQueueShouldBeEmpty" />
    </UnitTest>
    <UnitTest name="AQueueWithThreeItem_SecondDequeueShouldReturnSecondItemEnqueued" storage="c:\users\talbaer\documents\visual studio 2010\projects\queue\queue\bin\debug\queuebehavior.dll" id="4eaf4d53-ea1c-bcae-4a59-a4ae2f9baeb2">
      <Execution id="1762b52d-2a84-4702-a63e-44928ff5c2d4" />
      <TestMethod codeBase="C:/Users/talbaer/Documents/Visual Studio 2010/Projects/Queue/Queue/bin/Debug/QueueBehavior.DLL" adapterTypeName="Microsoft.VisualStudio.TestTools.TestTypes.Unit.UnitTestAdapter, Microsoft.VisualStudio.QualityTools.Tips.UnitTest.Adapter, Version=10.0.0.0, Culture=neutral, PublicKeyToken=b03f5f7f11d50a3a" className="QueueBehavior.QueueTests, QueueBehavior, Version=1.0.0.0, Culture=neutral, PublicKeyToken=null" name="AQueueWithThreeItem_SecondDequeueShouldReturnSecondItemEnqueued" />
    </UnitTest>
    <UnitTest name="AQueueWithOneItemShouldNotBeEmpty" storage="c:\users\talbaer\documents\visual studio 2010\projects\queue\queue\bin\debug\queuebehavior.dll" id="9bf54e85-f8f9-f66b-8246-5c2b4fabe865">
      <Execution id="9a5774b3-4f90-4637-91b5-19fce7ee5023" />
      <TestMethod codeBase="C:/Users/talbaer/Documents/Visual Studio 2010/Projects/Queue/Queue/bin/Debug/QueueBehavior.DLL" adapterTypeName="Microsoft.VisualStudio.TestTools.TestTypes.Unit.UnitTestAdapter, Microsoft.VisualStudio.QualityTools.Tips.UnitTest.Adapter, Version=10.0.0.0, Culture=neutral, PublicKeyToken=b03f5f7f11d50a3a" className="QueueBehavior.QueueTests, QueueBehavior, Version=1.0.0.0, Culture=neutral, PublicKeyToken=null" name="AQueueWithOneItemShouldNotBeEmpty" />
    </UnitTest>
    <UnitTest name="AQueueWithTwoItems_FirstDequeueShouldReturnFirstItemEnqueued" storage="c:\users\talbaer\documents\visual studio 2010\projects\queue\queue\bin\debug\queuebehavior.dll" id="0af88539-60e8-7320-4393-62ec37fe399f">
      <Execution id="132ba1c8-3d73-4f94-85d8-26c19f03e246" />
      <TestMethod codeBase="C:/Users/talbaer/Documents/Visual Studio 2010/Projects/Queue/Queue/bin/Debug/QueueBehavior.DLL" adapterTypeName="Microsoft.VisualStudio.TestTools.TestTypes.Unit.UnitTestAdapter, Microsoft.VisualStudio.QualityTools.Tips.UnitTest.Adapter, Version=10.0.0.0, Culture=neutral, PublicKeyToken=b03f5f7f11d50a3a" className="QueueBehavior.QueueTests, QueueBehavior, Version=1.0.0.0, Culture=neutral, PublicKeyToken=null" name="AQueueWithTwoItems_FirstDequeueShouldReturnFirstItemEnqueued" />
    </UnitTest>
    <UnitTest name="AQueueWithTwoItems_AfterFirstDequeue_ShouldNotBeEmpty" storage="c:\users\talbaer\documents\visual studio 2010\projects\queue\queue\bin\debug\queuebehavior.dll" id="7a2cc7d0-9e4a-2aec-8855-f17571804236">
      <Execution id="84f4a142-dd64-4e13-aa86-d27d34a873d5" />
      <TestMethod codeBase="C:/Users/talbaer/Documents/Visual Studio 2010/Projects/Queue/Queue/bin/Debug/QueueBehavior.DLL" adapterTypeName="Microsoft.VisualStudio.TestTools.TestTypes.Unit.UnitTestAdapter, Microsoft.VisualStudio.QualityTools.Tips.UnitTest.Adapter, Version=10.0.0.0, Culture=neutral, PublicKeyToken=b03f5f7f11d50a3a" className="QueueBehavior.QueueTests, QueueBehavior, Version=1.0.0.0, Culture=neutral, PublicKeyToken=null" name="AQueueWithTwoItems_AfterFirstDequeue_ShouldNotBeEmpty" />
    </UnitTest>
    <UnitTest name="NewQueueRaisesExceptionOnDequeue" storage="c:\users\talbaer\documents\visual studio 2010\projects\queue\queue\bin\debug\queuebehavior.dll" id="8b31410c-8da2-034c-fac4-c9abc6dc61ca">
      <Execution id="dfa15b48-f019-4820-8a4b-0642e1ae8012" />
      <TestMethod codeBase="C:/Users/talbaer/Documents/Visual Studio 2010/Projects/Queue/Queue/bin/Debug/QueueBehavior.DLL" adapterTypeName="Microsoft.VisualStudio.TestTools.TestTypes.Unit.UnitTestAdapter, Microsoft.VisualStudio.QualityTools.Tips.UnitTest.Adapter, Version=10.0.0.0, Culture=neutral, PublicKeyToken=b03f5f7f11d50a3a" className="QueueBehavior.QueueTests, QueueBehavior, Version=1.0.0.0, Culture=neutral, PublicKeyToken=null" name="NewQueueRaisesExceptionOnDequeue" />
    </UnitTest>
    <UnitTest name="AQueueWithOneItem_AfterDequeueItShouldBeEmpty" storage="c:\users\talbaer\documents\visual studio 2010\projects\queue\queue\bin\debug\queuebehavior.dll" id="3f350ca0-8d2b-6db1-3722-22f5a4805299">
      <Execution id="84c1a253-7f9e-42dd-b85a-24b3560ec4c7" />
      <TestMethod codeBase="C:/Users/talbaer/Documents/Visual Studio 2010/Projects/Queue/Queue/bin/Debug/QueueBehavior.DLL" adapterTypeName="Microsoft.VisualStudio.TestTools.TestTypes.Unit.UnitTestAdapter, Microsoft.VisualStudio.QualityTools.Tips.UnitTest.Adapter, Version=10.0.0.0, Culture=neutral, PublicKeyToken=b03f5f7f11d50a3a" className="QueueBehavior.QueueTests, QueueBehavior, Version=1.0.0.0, Culture=neutral, PublicKeyToken=null" name="AQueueWithOneItem_AfterDequeueItShouldBeEmpty" />
    </UnitTest>
    <UnitTest name="AQueueWithTwoItems_SecondDequeueShouldReturnSecondItemEnqueued" storage="c:\users\talbaer\documents\visual studio 2010\projects\queue\queue\bin\debug\queuebehavior.dll" id="e454d995-e742-f709-6dc7-80d89e1f7424">
      <Execution id="9bae9b12-cda5-4a1d-8174-c77267afb3fa" />
      <TestMethod codeBase="C:/Users/talbaer/Documents/Visual Studio 2010/Projects/Queue/Queue/bin/Debug/QueueBehavior.DLL" adapterTypeName="Microsoft.VisualStudio.TestTools.TestTypes.Unit.UnitTestAdapter, Microsoft.VisualStudio.QualityTools.Tips.UnitTest.Adapter, Version=10.0.0.0, Culture=neutral, PublicKeyToken=b03f5f7f11d50a3a" className="QueueBehavior.QueueTests, QueueBehavior, Version=1.0.0.0, Culture=neutral, PublicKeyToken=null" name="AQueueWithTwoItems_SecondDequeueShouldReturnSecondItemEnqueued" />
    </UnitTest>
    <UnitTest name="AQueueWithOneItem_DequeueShouldReturnTheItem" storage="c:\users\talbaer\documents\visual studio 2010\projects\queue\queue\bin\debug\queuebehavior.dll" id="3083bc32-b243-52cb-86ac-afa7d1f702c6">
      <Execution id="9e56e79f-3217-4c9c-bcca-507b459776b5" />
      <TestMethod codeBase="C:/Users/talbaer/Documents/Visual Studio 2010/Projects/Queue/Queue/bin/Debug/QueueBehavior.DLL" adapterTypeName="Microsoft.VisualStudio.TestTools.TestTypes.Unit.UnitTestAdapter, Microsoft.VisualStudio.QualityTools.Tips.UnitTest.Adapter, Version=10.0.0.0, Culture=neutral, PublicKeyToken=b03f5f7f11d50a3a" className="QueueBehavior.QueueTests, QueueBehavior, Version=1.0.0.0, Culture=neutral, PublicKeyToken=null" name="AQueueWithOneItem_DequeueShouldReturnTheItem" />
    </UnitTest>
    <UnitTest name="AQueueWithTwoItems_AfterSecondDequeue_ShouldBeEmpty" storage="c:\users\talbaer\documents\visual studio 2010\projects\queue\queue\bin\debug\queuebehavior.dll" id="da73b1bf-08c7-e690-3dc6-ed819864f63d">
      <Execution id="e61ce335-ceda-49b3-b9fa-bfc83adecb2b" />
      <TestMethod codeBase="C:/Users/talbaer/Documents/Visual Studio 2010/Projects/Queue/Queue/bin/Debug/QueueBehavior.DLL" adapterTypeName="Microsoft.VisualStudio.TestTools.TestTypes.Unit.UnitTestAdapter, Microsoft.VisualStudio.QualityTools.Tips.UnitTest.Adapter, Version=10.0.0.0, Culture=neutral, PublicKeyToken=b03f5f7f11d50a3a" className="QueueBehavior.QueueTests, QueueBehavior, Version=1.0.0.0, Culture=neutral, PublicKeyToken=null" name="AQueueWithTwoItems_AfterSecondDequeue_ShouldBeEmpty" />
    </UnitTest>
    <UnitTest name="AQueueWithTwoItemsShouldNotBeEmpty" storage="c:\users\talbaer\documents\visual studio 2010\projects\queue\queue\bin\debug\queuebehavior.dll" id="09095067-82d1-cf31-1174-ca4966a22b1f">
      <Execution id="c9c1d0a0-4464-4e88-ba3a-0a961ce08349" />
      <TestMethod codeBase="C:/Users/talbaer/Documents/Visual Studio 2010/Projects/Queue/Queue/bin/Debug/QueueBehavior.DLL" adapterTypeName="Microsoft.VisualStudio.TestTools.TestTypes.Unit.UnitTestAdapter, Microsoft.VisualStudio.QualityTools.Tips.UnitTest.Adapter, Version=10.0.0.0, Culture=neutral, PublicKeyToken=b03f5f7f11d50a3a" className="QueueBehavior.QueueTests, QueueBehavior, Version=1.0.0.0, Culture=neutral, PublicKeyToken=null" name="AQueueWithTwoItemsShouldNotBeEmpty" />
    </UnitTest>
    <UnitTest name="NewQueueShouldBeAbleToEnqueueItems" storage="c:\users\talbaer\documents\visual studio 2010\projects\queue\queue\bin\debug\queuebehavior.dll" id="1b89d63c-02df-85c6-6cb4-2bf505946bc5">
      <Execution id="85f9e5f9-8b3d-4f4b-b26f-9fd886fadcd9" />
      <TestMethod codeBase="C:/Users/talbaer/Documents/Visual Studio 2010/Projects/Queue/Queue/bin/Debug/QueueBehavior.DLL" adapterTypeName="Microsoft.VisualStudio.TestTools.TestTypes.Unit.UnitTestAdapter, Microsoft.VisualStudio.QualityTools.Tips.UnitTest.Adapter, Version=10.0.0.0, Culture=neutral, PublicKeyToken=b03f5f7f11d50a3a" className="QueueBehavior.QueueTests, QueueBehavior, Version=1.0.0.0, Culture=neutral, PublicKeyToken=null" name="NewQueueShouldBeAbleToEnqueueItems" />
    </UnitTest>
    <UnitTest name="AQueueWithThreeItems_FirstDequeueShouldReturnFirstItemEnqueued" storage="c:\users\talbaer\documents\visual studio 2010\projects\queue\queue\bin\debug\queuebehavior.dll" id="39ba04e9-b01d-fea8-b034-51a216e301d0">
      <Execution id="49cd41f2-69a5-46ea-a1e0-5f90c800e664" />
      <TestMethod codeBase="C:/Users/talbaer/Documents/Visual Studio 2010/Projects/Queue/Queue/bin/Debug/QueueBehavior.DLL" adapterTypeName="Microsoft.VisualStudio.TestTools.TestTypes.Unit.UnitTestAdapter, Microsoft.VisualStudio.QualityTools.Tips.UnitTest.Adapter, Version=10.0.0.0, Culture=neutral, PublicKeyToken=b03f5f7f11d50a3a" className="QueueBehavior.QueueTests, QueueBehavior, Version=1.0.0.0, Culture=neutral, PublicKeyToken=null" name="AQueueWithThreeItems_FirstDequeueShouldReturnFirstItemEnqueued" />
    </UnitTest>
  </TestDefinitions>
  <TestLists>
    <TestList name="Results Not in a List" id="8c84fa94-04c1-424b-9868-57a2d4851a1d" />
    <TestList name="All Loaded Results" id="19431567-8539-422a-85d7-44ee4e166bda" />
  </TestLists>
  <TestEntries>
    <TestEntry testId="5390761e-f4e7-72d0-1f79-0ff7571f7466" executionId="c6f9da5b-2704-4439-891e-faad1a20a536" testListId="8c84fa94-04c1-424b-9868-57a2d4851a1d" />
    <TestEntry testId="8b31410c-8da2-034c-fac4-c9abc6dc61ca" executionId="dfa15b48-f019-4820-8a4b-0642e1ae8012" testListId="8c84fa94-04c1-424b-9868-57a2d4851a1d" />
    <TestEntry testId="1b89d63c-02df-85c6-6cb4-2bf505946bc5" executionId="85f9e5f9-8b3d-4f4b-b26f-9fd886fadcd9" testListId="8c84fa94-04c1-424b-9868-57a2d4851a1d" />
    <TestEntry testId="9bf54e85-f8f9-f66b-8246-5c2b4fabe865" executionId="9a5774b3-4f90-4637-91b5-19fce7ee5023" testListId="8c84fa94-04c1-424b-9868-57a2d4851a1d" />
    <TestEntry testId="3083bc32-b243-52cb-86ac-afa7d1f702c6" executionId="9e56e79f-3217-4c9c-bcca-507b459776b5" testListId="8c84fa94-04c1-424b-9868-57a2d4851a1d" />
    <TestEntry testId="3f350ca0-8d2b-6db1-3722-22f5a4805299" executionId="84c1a253-7f9e-42dd-b85a-24b3560ec4c7" testListId="8c84fa94-04c1-424b-9868-57a2d4851a1d" />
    <TestEntry testId="09095067-82d1-cf31-1174-ca4966a22b1f" executionId="c9c1d0a0-4464-4e88-ba3a-0a961ce08349" testListId="8c84fa94-04c1-424b-9868-57a2d4851a1d" />
    <TestEntry testId="7a2cc7d0-9e4a-2aec-8855-f17571804236" executionId="84f4a142-dd64-4e13-aa86-d27d34a873d5" testListId="8c84fa94-04c1-424b-9868-57a2d4851a1d" />
    <TestEntry testId="0af88539-60e8-7320-4393-62ec37fe399f" executionId="132ba1c8-3d73-4f94-85d8-26c19f03e246" testListId="8c84fa94-04c1-424b-9868-57a2d4851a1d" />
    <TestEntry testId="e454d995-e742-f709-6dc7-80d89e1f7424" executionId="9bae9b12-cda5-4a1d-8174-c77267afb3fa" testListId="8c84fa94-04c1-424b-9868-57a2d4851a1d" />
    <TestEntry testId="da73b1bf-08c7-e690-3dc6-ed819864f63d" executionId="e61ce335-ceda-49b3-b9fa-bfc83adecb2b" testListId="8c84fa94-04c1-424b-9868-57a2d4851a1d" />
    <TestEntry testId="39ba04e9-b01d-fea8-b034-51a216e301d0" executionId="49cd41f2-69a5-46ea-a1e0-5f90c800e664" testListId="8c84fa94-04c1-424b-9868-57a2d4851a1d" />
    <TestEntry testId="4eaf4d53-ea1c-bcae-4a59-a4ae2f9baeb2" executionId="1762b52d-2a84-4702-a63e-44928ff5c2d4" testListId="8c84fa94-04c1-424b-9868-57a2d4851a1d" />
  </TestEntries>
  <Results>
    <UnitTestResult executionId="c6f9da5b-2704-4439-891e-faad1a20a536" testId="5390761e-f4e7-72d0-1f79-0ff7571f7466" testName="NewQueueShouldBeEmpty" computerName="EXSL78007" duration="00:00:00.0153229" startTime="2010-11-08T17:09:12.1401101+01:00" endTime="2010-11-08T17:09:12.4391272+01:00" testType="13cdc9d9-ddb5-4fa4-a97d-d965ccfc6d4b" outcome="Passed" testListId="8c84fa94-04c1-424b-9868-57a2d4851a1d" relativeResultsDirectory="c6f9da5b-2704-4439-891e-faad1a20a536">
    </UnitTestResult>
    <UnitTestResult executionId="dfa15b48-f019-4820-8a4b-0642e1ae8012" testId="8b31410c-8da2-034c-fac4-c9abc6dc61ca" testName="NewQueueRaisesExceptionOnDequeue" computerName="EXSL78007" duration="00:00:00.0006763" startTime="2010-11-08T17:09:12.4441275+01:00" endTime="2010-11-08T17:09:12.4501279+01:00" testType="13cdc9d9-ddb5-4fa4-a97d-d965ccfc6d4b" outcome="Passed" testListId="8c84fa94-04c1-424b-9868-57a2d4851a1d" relativeResultsDirectory="dfa15b48-f019-4820-8a4b-0642e1ae8012">
    </UnitTestResult>
    <UnitTestResult executionId="85f9e5f9-8b3d-4f4b-b26f-9fd886fadcd9" testId="1b89d63c-02df-85c6-6cb4-2bf505946bc5" testName="NewQueueShouldBeAbleToEnqueueItems" computerName="EXSL78007" duration="00:00:00.0005632" startTime="2010-11-08T17:09:12.4551281+01:00" endTime="2010-11-08T17:09:12.4611285+01:00" testType="13cdc9d9-ddb5-4fa4-a97d-d965ccfc6d4b" outcome="Passed" testListId="8c84fa94-04c1-424b-9868-57a2d4851a1d" relativeResultsDirectory="85f9e5f9-8b3d-4f4b-b26f-9fd886fadcd9">
    </UnitTestResult>
    <UnitTestResult executionId="9a5774b3-4f90-4637-91b5-19fce7ee5023" testId="9bf54e85-f8f9-f66b-8246-5c2b4fabe865" testName="AQueueWithOneItemShouldNotBeEmpty" computerName="EXSL78007" duration="00:00:00.0001841" startTime="2010-11-08T17:09:12.4661288+01:00" endTime="2010-11-08T17:09:12.4711291+01:00" testType="13cdc9d9-ddb5-4fa4-a97d-d965ccfc6d4b" outcome="Passed" testListId="8c84fa94-04c1-424b-9868-57a2d4851a1d" relativeResultsDirectory="9a5774b3-4f90-4637-91b5-19fce7ee5023">
    </UnitTestResult>
    <UnitTestResult executionId="9e56e79f-3217-4c9c-bcca-507b459776b5" testId="3083bc32-b243-52cb-86ac-afa7d1f702c6" testName="AQueueWithOneItem_DequeueShouldReturnTheItem" computerName="EXSL78007" duration="00:00:00.0002907" startTime="2010-11-08T17:09:12.4751293+01:00" endTime="2010-11-08T17:09:12.4801296+01:00" testType="13cdc9d9-ddb5-4fa4-a97d-d965ccfc6d4b" outcome="Passed" testListId="8c84fa94-04c1-424b-9868-57a2d4851a1d" relativeResultsDirectory="9e56e79f-3217-4c9c-bcca-507b459776b5">
    </UnitTestResult>
    <UnitTestResult executionId="84c1a253-7f9e-42dd-b85a-24b3560ec4c7" testId="3f350ca0-8d2b-6db1-3722-22f5a4805299" testName="AQueueWithOneItem_AfterDequeueItShouldBeEmpty" computerName="EXSL78007" duration="00:00:00.0002327" startTime="2010-11-08T17:09:12.4851299+01:00" endTime="2010-11-08T17:09:12.4901302+01:00" testType="13cdc9d9-ddb5-4fa4-a97d-d965ccfc6d4b" outcome="Passed" testListId="8c84fa94-04c1-424b-9868-57a2d4851a1d" relativeResultsDirectory="84c1a253-7f9e-42dd-b85a-24b3560ec4c7">
    </UnitTestResult>
    <UnitTestResult executionId="c9c1d0a0-4464-4e88-ba3a-0a961ce08349" testId="09095067-82d1-cf31-1174-ca4966a22b1f" testName="AQueueWithTwoItemsShouldNotBeEmpty" computerName="EXSL78007" duration="00:00:00.0002534" startTime="2010-11-08T17:09:12.4951304+01:00" endTime="2010-11-08T17:09:12.5011308+01:00" testType="13cdc9d9-ddb5-4fa4-a97d-d965ccfc6d4b" outcome="Passed" testListId="8c84fa94-04c1-424b-9868-57a2d4851a1d" relativeResultsDirectory="c9c1d0a0-4464-4e88-ba3a-0a961ce08349">
    </UnitTestResult>
    <UnitTestResult executionId="84f4a142-dd64-4e13-aa86-d27d34a873d5" testId="7a2cc7d0-9e4a-2aec-8855-f17571804236" testName="AQueueWithTwoItems_AfterFirstDequeue_ShouldNotBeEmpty" computerName="EXSL78007" duration="00:00:00.0161212" startTime="2010-11-08T17:09:12.5061311+01:00" endTime="2010-11-08T17:09:12.5291324+01:00" testType="13cdc9d9-ddb5-4fa4-a97d-d965ccfc6d4b" outcome="Failed" testListId="8c84fa94-04c1-424b-9868-57a2d4851a1d" relativeResultsDirectory="84f4a142-dd64-4e13-aa86-d27d34a873d5">
      <Output>
        <ErrorInfo>
          <Message>Assert.IsFalse failed. </Message>
          <StackTrace>   at QueueBehavior.QueueTests.AQueueWithTwoItems_AfterFirstDequeue_ShouldNotBeEmpty() in C:\Users\talbaer\Documents\Visual Studio 2010\Projects\Queue\Queue\QueueTests.cs:line 122
</StackTrace>
        </ErrorInfo>
      </Output>
    </UnitTestResult>
    <UnitTestResult executionId="132ba1c8-3d73-4f94-85d8-26c19f03e246" testId="0af88539-60e8-7320-4393-62ec37fe399f" testName="AQueueWithTwoItems_FirstDequeueShouldReturnFirstItemEnqueued" computerName="EXSL78007" duration="00:00:00.0002173" startTime="2010-11-08T17:09:12.5331326+01:00" endTime="2010-11-08T17:09:12.5391330+01:00" testType="13cdc9d9-ddb5-4fa4-a97d-d965ccfc6d4b" outcome="Passed" testListId="8c84fa94-04c1-424b-9868-57a2d4851a1d" relativeResultsDirectory="132ba1c8-3d73-4f94-85d8-26c19f03e246">
    </UnitTestResult>
    <UnitTestResult executionId="9bae9b12-cda5-4a1d-8174-c77267afb3fa" testId="e454d995-e742-f709-6dc7-80d89e1f7424" testName="AQueueWithTwoItems_SecondDequeueShouldReturnSecondItemEnqueued" computerName="EXSL78007" duration="00:00:00.0043985" startTime="2010-11-08T17:09:12.5441332+01:00" endTime="2010-11-08T17:09:12.5531338+01:00" testType="13cdc9d9-ddb5-4fa4-a97d-d965ccfc6d4b" outcome="Failed" testListId="8c84fa94-04c1-424b-9868-57a2d4851a1d" relativeResultsDirectory="9bae9b12-cda5-4a1d-8174-c77267afb3fa">
      <Output>
        <ErrorInfo>
          <Message>Test method QueueBehavior.QueueTests.AQueueWithTwoItems_SecondDequeueShouldReturnSecondItemEnqueued threw exception: 
QueueBehavior.ActionNotAllowedException: This action is not allowed</Message>
          <StackTrace>    at QueueBehavior.Queue.Dequeue() in C:\Users\talbaer\Documents\Visual Studio 2010\Projects\Queue\Queue\Queue.cs:line 33
   at QueueBehavior.QueueTests.AQueueWithTwoItems_SecondDequeueShouldReturnSecondItemEnqueued() in C:\Users\talbaer\Documents\Visual Studio 2010\Projects\Queue\Queue\QueueTests.cs:line 132
</StackTrace>
        </ErrorInfo>
      </Output>
    </UnitTestResult>
    <UnitTestResult executionId="e61ce335-ceda-49b3-b9fa-bfc83adecb2b" testId="da73b1bf-08c7-e690-3dc6-ed819864f63d" testName="AQueueWithTwoItems_AfterSecondDequeue_ShouldBeEmpty" computerName="EXSL78007" duration="00:00:00.0014592" startTime="2010-11-08T17:09:12.5581340+01:00" endTime="2010-11-08T17:09:12.5641344+01:00" testType="13cdc9d9-ddb5-4fa4-a97d-d965ccfc6d4b" outcome="Failed" testListId="8c84fa94-04c1-424b-9868-57a2d4851a1d" relativeResultsDirectory="e61ce335-ceda-49b3-b9fa-bfc83adecb2b">
      <Output>
        <ErrorInfo>
          <Message>Test method QueueBehavior.QueueTests.AQueueWithTwoItems_AfterSecondDequeue_ShouldBeEmpty threw exception: 
QueueBehavior.ActionNotAllowedException: This action is not allowed</Message>
          <StackTrace>    at QueueBehavior.Queue.Dequeue() in C:\Users\talbaer\Documents\Visual Studio 2010\Projects\Queue\Queue\Queue.cs:line 33
   at QueueBehavior.QueueTests.AQueueWithTwoItems_AfterSecondDequeue_ShouldBeEmpty() in C:\Users\talbaer\Documents\Visual Studio 2010\Projects\Queue\Queue\QueueTests.cs:line 142
</StackTrace>
        </ErrorInfo>
      </Output>
    </UnitTestResult>
    <UnitTestResult executionId="49cd41f2-69a5-46ea-a1e0-5f90c800e664" testId="39ba04e9-b01d-fea8-b034-51a216e301d0" testName="AQueueWithThreeItems_FirstDequeueShouldReturnFirstItemEnqueued" computerName="EXSL78007" duration="00:00:00.0002209" startTime="2010-11-08T17:09:12.5681346+01:00" endTime="2010-11-08T17:09:12.5741350+01:00" testType="13cdc9d9-ddb5-4fa4-a97d-d965ccfc6d4b" outcome="Passed" testListId="8c84fa94-04c1-424b-9868-57a2d4851a1d" relativeResultsDirectory="49cd41f2-69a5-46ea-a1e0-5f90c800e664">
    </UnitTestResult>
    <UnitTestResult executionId="1762b52d-2a84-4702-a63e-44928ff5c2d4" testId="4eaf4d53-ea1c-bcae-4a59-a4ae2f9baeb2" testName="AQueueWithThreeItem_SecondDequeueShouldReturnSecondItemEnqueued" computerName="EXSL78007" duration="00:00:00.0016221" startTime="2010-11-08T17:09:12.5791352+01:00" endTime="2010-11-08T17:09:12.5851356+01:00" testType="13cdc9d9-ddb5-4fa4-a97d-d965ccfc6d4b" outcome="Failed" testListId="8c84fa94-04c1-424b-9868-57a2d4851a1d" relativeResultsDirectory="1762b52d-2a84-4702-a63e-44928ff5c2d4">
      <Output>
        <ErrorInfo>
          <Message>Test method QueueBehavior.QueueTests.AQueueWithThreeItem_SecondDequeueShouldReturnSecondItemEnqueued threw exception: 
QueueBehavior.ActionNotAllowedException: This action is not allowed</Message>
          <StackTrace>    at QueueBehavior.Queue.Dequeue() in C:\Users\talbaer\Documents\Visual Studio 2010\Projects\Queue\Queue\Queue.cs:line 33
   at QueueBehavior.QueueTests.AQueueWithThreeItem_SecondDequeueShouldReturnSecondItemEnqueued() in C:\Users\talbaer\Documents\Visual Studio 2010\Projects\Queue\Queue\QueueTests.cs:line 164
</StackTrace>
        </ErrorInfo>
      </Output>
    </UnitTestResult>
  </Results>
</TestRun>